<?xml version="1.0" encoding="UTF-8"?>
<testsuite name="de.tudresden.inf.st.bigraphs.dsl.tests.BDSLParsingTest" tests="1" skipped="0" failures="0" errors="0" timestamp="2020-06-17T12:21:23" hostname="iosensedg" time="1.107">
  <properties/>
  <testcase name="loadModel()" classname="de.tudresden.inf.st.bigraphs.dsl.tests.BDSLParsingTest" time="1.107"/>
  <system-out><![CDATA[]]></system-out>
  <system-err><![CDATA[]]></system-err>
</testsuite>
